# JRE version: OpenJDK Runtime Environment Temurin-21.0.10+7 (21.0.10+7) (build 21.0.10+7-LTS)
# Java VM: OpenJDK 64-Bit Server VM Temurin-21.0.10+7 (21.0.10+7-LTS, mixed mode, sharing, tiered, compressed oops, compressed class ptrs, g1 gc, windows-amd64)
GC Precious Log:
 CardTable entry size: 512
 Card Set container configuration: InlinePtr #cards 5 size 8 Array Of Cards #cards 12 size 40 Howl #buckets 4 coarsen threshold 1843 Howl Bitmap #cards 512 size 80 coarsen threshold 460 Card regions per heap region 1 cards per card region 2048
 CPUs: 12 total, 12 available
 Memory: 16085M
 Large Page Support: Disabled
 NUMA Support: Disabled
 Compressed Oops: Enabled (32-bit)
 Heap Region Size: 1M
 Heap Min Capacity: 8M
 Heap Initial Capacity: 252M
 Heap Max Capacity: 1G
 Pre-touch: Disabled
 Parallel Workers: 10
 Concurrent Workers: 3
 Concurrent Refinement Workers: 10
 Periodic GC: Disabled
Heap:
 garbage-first heap   total 145408K, used 92225K [0x00000000c0000000, 0x0000000100000000)
  region size 1024K, 8 young (8192K), 6 survivors (6144K)
 Metaspace       used 82318K, committed 84352K, reserved 1179648K
  class space    used 11880K, committed 12928K, reserved 1048576K
GC Heap History (20 events):
Event: 17.273 GC heap before
{Heap before GC invocations=18 (full 0):
 garbage-first heap   total 111616K, used 99501K [0x00000000c0000000, 0x0000000100000000)
  region size 1024K, 30 young (30720K), 3 survivors (3072K)
 Metaspace       used 60721K, committed 62592K, reserved 1114112K
  class space    used 8731K, committed 9664K, reserved 1048576K
}
Event: 17.276 GC heap after
{Heap after GC invocations=19 (full 0):
 garbage-first heap   total 111616K, used 72856K [0x00000000c0000000, 0x0000000100000000)
  region size 1024K, 4 young (4096K), 4 survivors (4096K)
 Metaspace       used 60721K, committed 62592K, reserved 1114112K
  class space    used 8731K, committed 9664K, reserved 1048576K
}
Event: 17.703 GC heap before
{Heap before GC invocations=20 (full 0):
 garbage-first heap   total 121856K, used 104600K [0x00000000c0000000, 0x0000000100000000)
  region size 1024K, 32 young (32768K), 4 survivors (4096K)
 Metaspace       used 63916K, committed 65728K, reserved 1114112K
  class space    used 9184K, committed 10112K, reserved 1048576K
}
Event: 17.706 GC heap after
{Heap after GC invocations=21 (full 0):
 garbage-first heap   total 121856K, used 78207K [0x00000000c0000000, 0x0000000100000000)
  region size 1024K, 4 young (4096K), 4 survivors (4096K)
 Metaspace       used 63916K, committed 65728K, reserved 1114112K
  class space    used 9184K, committed 10112K, reserved 1048576K
}
Event: 18.148 GC heap before
{Heap before GC invocations=21 (full 0):
 garbage-first heap   total 121856K, used 110975K [0x00000000c0000000, 0x0000000100000000)
  region size 1024K, 36 young (36864K), 4 survivors (4096K)
 Metaspace       used 67759K, committed 69632K, reserved 1114112K
  class space    used 9701K, committed 10624K, reserved 1048576K
}
Event: 18.151 GC heap after
{Heap after GC invocations=22 (full 0):
 garbage-first heap   total 121856K, used 78957K [0x00000000c0000000, 0x0000000100000000)
  region size 1024K, 4 young (4096K), 4 survivors (4096K)
 Metaspace       used 67759K, committed 69632K, reserved 1114112K
  class space    used 9701K, committed 10624K, reserved 1048576K
}
Event: 18.569 GC heap before
{Heap before GC invocations=22 (full 0):
 garbage-first heap   total 121856K, used 111725K [0x00000000c0000000, 0x0000000100000000)
  region size 1024K, 36 young (36864K), 4 survivors (4096K)
 Metaspace       used 70113K, committed 71936K, reserved 1114112K
  class space    used 10009K, committed 10944K, reserved 1048576K
}
Event: 18.572 GC heap after
{Heap after GC invocations=23 (full 0):
 garbage-first heap   total 121856K, used 80899K [0x00000000c0000000, 0x0000000100000000)
  region size 1024K, 4 young (4096K), 4 survivors (4096K)
 Metaspace       used 70113K, committed 71936K, reserved 1114112K
  class space    used 10009K, committed 10944K, reserved 1048576K
}
Event: 18.881 GC heap before
{Heap before GC invocations=24 (full 0):
 garbage-first heap   total 137216K, used 112643K [0x00000000c0000000, 0x0000000100000000)
  region size 1024K, 35 young (35840K), 4 survivors (4096K)
 Metaspace       used 71021K, committed 72896K, reserved 1114112K
  class space    used 10118K, committed 11008K, reserved 1048576K
}
Event: 18.884 GC heap after
{Heap after GC invocations=25 (full 0):
 garbage-first heap   total 137216K, used 84210K [0x00000000c0000000, 0x0000000100000000)
  region size 1024K, 5 young (5120K), 5 survivors (5120K)
 Metaspace       used 71021K, committed 72896K, reserved 1114112K
  class space    used 10118K, committed 11008K, reserved 1048576K
}
Event: 19.521 GC heap before
{Heap before GC invocations=25 (full 0):
 garbage-first heap   total 137216K, used 123122K [0x00000000c0000000, 0x0000000100000000)
  region size 1024K, 44 young (45056K), 5 survivors (5120K)
 Metaspace       used 73746K, committed 75648K, reserved 1114112K
  class space    used 10501K, committed 11456K, reserved 1048576K
}
Event: 19.524 GC heap after
{Heap after GC invocations=26 (full 0):
 garbage-first heap   total 137216K, used 85257K [0x00000000c0000000, 0x0000000100000000)
  region size 1024K, 2 young (2048K), 2 survivors (2048K)
 Metaspace       used 73746K, committed 75648K, reserved 1114112K
  class space    used 10501K, committed 11456K, reserved 1048576K
}
Event: 19.525 GC heap before
{Heap before GC invocations=26 (full 0):
 garbage-first heap   total 137216K, used 85257K [0x00000000c0000000, 0x0000000100000000)
  region size 1024K, 3 young (3072K), 2 survivors (2048K)
 Metaspace       used 73746K, committed 75648K, reserved 1114112K
  class space    used 10501K, committed 11456K, reserved 1048576K
}
Event: 19.528 GC heap after
{Heap after GC invocations=27 (full 0):
 garbage-first heap   total 137216K, used 85295K [0x00000000c0000000, 0x0000000100000000)
  region size 1024K, 2 young (2048K), 2 survivors (2048K)
 Metaspace       used 73746K, committed 75648K, reserved 1114112K
  class space    used 10501K, committed 11456K, reserved 1048576K
}
Event: 19.985 GC heap before
{Heap before GC invocations=28 (full 0):
 garbage-first heap   total 145408K, used 122159K [0x00000000c0000000, 0x0000000100000000)
  region size 1024K, 37 young (37888K), 2 survivors (2048K)
 Metaspace       used 76368K, committed 78272K, reserved 1179648K
  class space    used 10993K, committed 11904K, reserved 1048576K
}
Event: 19.987 GC heap after
{Heap after GC invocations=29 (full 0):
 garbage-first heap   total 145408K, used 85885K [0x00000000c0000000, 0x0000000100000000)
  region size 1024K, 3 young (3072K), 3 survivors (3072K)
 Metaspace       used 76368K, committed 78272K, reserved 1179648K
  class space    used 10993K, committed 11904K, reserved 1048576K
}
Event: 20.505 GC heap before
{Heap before GC invocations=29 (full 0):
 garbage-first heap   total 145408K, used 128893K [0x00000000c0000000, 0x0000000100000000)
  region size 1024K, 45 young (46080K), 3 survivors (3072K)
 Metaspace       used 79416K, committed 81408K, reserved 1179648K
  class space    used 11471K, committed 12416K, reserved 1048576K
}
Event: 20.508 GC heap after
{Heap after GC invocations=30 (full 0):
 garbage-first heap   total 145408K, used 87359K [0x00000000c0000000, 0x0000000100000000)
  region size 1024K, 5 young (5120K), 5 survivors (5120K)
 Metaspace       used 79416K, committed 81408K, reserved 1179648K
  class space    used 11471K, committed 12416K, reserved 1048576K
}
Event: 21.170 GC heap before
{Heap before GC invocations=30 (full 0):
 garbage-first heap   total 145408K, used 123199K [0x00000000c0000000, 0x0000000100000000)
  region size 1024K, 41 young (41984K), 5 survivors (5120K)
 Metaspace       used 82252K, committed 84352K, reserved 1179648K
  class space    used 11871K, committed 12928K, reserved 1048576K
}
Event: 21.174 GC heap after
{Heap after GC invocations=31 (full 0):
 garbage-first heap   total 145408K, used 90177K [0x00000000c0000000, 0x0000000100000000)
  region size 1024K, 6 young (6144K), 6 survivors (6144K)
 Metaspace       used 82252K, committed 84352K, reserved 1179648K
  class space    used 11871K, committed 12928K, reserved 1048576K
}

