# JRE version: OpenJDK Runtime Environment (17.0.9) (build 17.0.9+0--11185874)
# Java VM: OpenJDK 64-Bit Server VM (17.0.9+0--11185874, mixed mode, tiered, compressed oops, compressed class ptrs, g1 gc, windows-amd64)
GC Precious Log:
 CPUs: 12 total, 12 available
 Memory: 16085M
 Large Page Support: Disabled
 NUMA Support: Disabled
 Compressed Oops: Enabled (32-bit)
 Heap Region Size: 1M
 Heap Min Capacity: 8M
 Heap Initial Capacity: 252M
 Heap Max Capacity: 2G
 Pre-touch: Disabled
 Parallel Workers: 10
 Concurrent Workers: 3
 Concurrent Refinement Workers: 10
 Periodic GC: Disabled
Heap:
 garbage-first heap   total 157696K, used 110961K [0x0000000080000000, 0x0000000100000000)
  region size 1024K, 3 young (3072K), 3 survivors (3072K)
 Metaspace       used 102076K, committed 102912K, reserved 1179648K
  class space    used 14324K, committed 14720K, reserved 1048576K
GC Heap History (20 events):
Event: 9.966 GC heap after
{Heap after GC invocations=39 (full 0):
 garbage-first heap   total 157696K, used 87200K [0x0000000080000000, 0x0000000100000000)
  region size 1024K, 5 young (5120K), 5 survivors (5120K)
 Metaspace       used 88592K, committed 89280K, reserved 1179648K
  class space    used 12290K, committed 12608K, reserved 1048576K
}
Event: 10.485 GC heap before
{Heap before GC invocations=39 (full 0):
 garbage-first heap   total 157696K, used 130208K [0x0000000080000000, 0x0000000100000000)
  region size 1024K, 47 young (48128K), 5 survivors (5120K)
 Metaspace       used 91721K, committed 92480K, reserved 1179648K
  class space    used 12759K, committed 13120K, reserved 1048576K
}
Event: 10.489 GC heap after
{Heap after GC invocations=40 (full 0):
 garbage-first heap   total 157696K, used 90319K [0x0000000080000000, 0x0000000100000000)
  region size 1024K, 6 young (6144K), 6 survivors (6144K)
 Metaspace       used 91721K, committed 92480K, reserved 1179648K
  class space    used 12759K, committed 13120K, reserved 1048576K
}
Event: 10.930 GC heap before
{Heap before GC invocations=40 (full 0):
 garbage-first heap   total 157696K, used 130255K [0x0000000080000000, 0x0000000100000000)
  region size 1024K, 45 young (46080K), 6 survivors (6144K)
 Metaspace       used 94764K, committed 95488K, reserved 1179648K
  class space    used 13250K, committed 13632K, reserved 1048576K
}
Event: 10.934 GC heap after
{Heap after GC invocations=41 (full 0):
 garbage-first heap   total 157696K, used 91899K [0x0000000080000000, 0x0000000100000000)
  region size 1024K, 2 young (2048K), 2 survivors (2048K)
 Metaspace       used 94764K, committed 95488K, reserved 1179648K
  class space    used 13250K, committed 13632K, reserved 1048576K
}
Event: 11.705 GC heap before
{Heap before GC invocations=41 (full 0):
 garbage-first heap   total 157696K, used 130811K [0x0000000080000000, 0x0000000100000000)
  region size 1024K, 41 young (41984K), 2 survivors (2048K)
 Metaspace       used 97848K, committed 98560K, reserved 1179648K
  class space    used 13624K, committed 14016K, reserved 1048576K
}
Event: 11.708 GC heap after
{Heap after GC invocations=42 (full 0):
 garbage-first heap   total 157696K, used 94665K [0x0000000080000000, 0x0000000100000000)
  region size 1024K, 5 young (5120K), 5 survivors (5120K)
 Metaspace       used 97848K, committed 98560K, reserved 1179648K
  class space    used 13624K, committed 14016K, reserved 1048576K
}
Event: 12.168 GC heap before
{Heap before GC invocations=42 (full 0):
 garbage-first heap   total 157696K, used 130505K [0x0000000080000000, 0x0000000100000000)
  region size 1024K, 41 young (41984K), 5 survivors (5120K)
 Metaspace       used 100278K, committed 101056K, reserved 1179648K
  class space    used 14087K, committed 14464K, reserved 1048576K
}
Event: 12.173 GC heap after
{Heap after GC invocations=43 (full 0):
 garbage-first heap   total 157696K, used 98957K [0x0000000080000000, 0x0000000100000000)
  region size 1024K, 6 young (6144K), 6 survivors (6144K)
 Metaspace       used 100278K, committed 101056K, reserved 1179648K
  class space    used 14087K, committed 14464K, reserved 1048576K
}
Event: 12.264 GC heap before
{Heap before GC invocations=43 (full 0):
 garbage-first heap   total 157696K, used 130701K [0x0000000080000000, 0x0000000100000000)
  region size 1024K, 38 young (38912K), 6 survivors (6144K)
 Metaspace       used 100541K, committed 101312K, reserved 1179648K
  class space    used 14151K, committed 14528K, reserved 1048576K
}
Event: 12.268 GC heap after
{Heap after GC invocations=44 (full 0):
 garbage-first heap   total 157696K, used 102602K [0x0000000080000000, 0x0000000100000000)
  region size 1024K, 4 young (4096K), 4 survivors (4096K)
 Metaspace       used 100541K, committed 101312K, reserved 1179648K
  class space    used 14151K, committed 14528K, reserved 1048576K
}
Event: 12.535 GC heap before
{Heap before GC invocations=44 (full 0):
 garbage-first heap   total 157696K, used 131274K [0x0000000080000000, 0x0000000100000000)
  region size 1024K, 33 young (33792K), 4 survivors (4096K)
 Metaspace       used 100767K, committed 101504K, reserved 1179648K
  class space    used 14166K, committed 14528K, reserved 1048576K
}
Event: 12.538 GC heap after
{Heap after GC invocations=45 (full 0):
 garbage-first heap   total 157696K, used 104769K [0x0000000080000000, 0x0000000100000000)
  region size 1024K, 5 young (5120K), 5 survivors (5120K)
 Metaspace       used 100767K, committed 101504K, reserved 1179648K
  class space    used 14166K, committed 14528K, reserved 1048576K
}
Event: 12.768 GC heap before
{Heap before GC invocations=45 (full 0):
 garbage-first heap   total 157696K, used 130369K [0x0000000080000000, 0x0000000100000000)
  region size 1024K, 31 young (31744K), 5 survivors (5120K)
 Metaspace       used 101122K, committed 101888K, reserved 1179648K
  class space    used 14193K, committed 14592K, reserved 1048576K
}
Event: 12.770 GC heap after
{Heap after GC invocations=46 (full 0):
 garbage-first heap   total 157696K, used 106903K [0x0000000080000000, 0x0000000100000000)
  region size 1024K, 4 young (4096K), 4 survivors (4096K)
 Metaspace       used 101122K, committed 101888K, reserved 1179648K
  class space    used 14193K, committed 14592K, reserved 1048576K
}
Event: 12.910 GC heap before
{Heap before GC invocations=46 (full 0):
 garbage-first heap   total 157696K, used 130455K [0x0000000080000000, 0x0000000100000000)
  region size 1024K, 28 young (28672K), 4 survivors (4096K)
 Metaspace       used 101273K, committed 102016K, reserved 1179648K
  class space    used 14204K, committed 14592K, reserved 1048576K
}
Event: 12.913 GC heap after
{Heap after GC invocations=47 (full 0):
 garbage-first heap   total 157696K, used 109076K [0x0000000080000000, 0x0000000100000000)
  region size 1024K, 4 young (4096K), 4 survivors (4096K)
 Metaspace       used 101273K, committed 102016K, reserved 1179648K
  class space    used 14204K, committed 14592K, reserved 1048576K
}
Event: 13.075 GC heap before
{Heap before GC invocations=47 (full 0):
 garbage-first heap   total 157696K, used 130580K [0x0000000080000000, 0x0000000100000000)
  region size 1024K, 26 young (26624K), 4 survivors (4096K)
 Metaspace       used 101443K, committed 102208K, reserved 1179648K
  class space    used 14230K, committed 14656K, reserved 1048576K
}
Event: 13.078 GC heap after
{Heap after GC invocations=48 (full 0):
 garbage-first heap   total 157696K, used 110219K [0x0000000080000000, 0x0000000100000000)
  region size 1024K, 4 young (4096K), 4 survivors (4096K)
 Metaspace       used 101443K, committed 102208K, reserved 1179648K
  class space    used 14230K, committed 14656K, reserved 1048576K
}
Event: 13.311 GC heap before
{Heap before GC invocations=48 (full 0):
 garbage-first heap   total 157696K, used 129675K [0x0000000080000000, 0x0000000100000000)
  region size 1024K, 24 young (24576K), 4 survivors (4096K)
 Metaspace       used 102076K, committed 102912K, reserved 1179648K
  class space    used 14324K, committed 14720K, reserved 1048576K
}

