# JRE version: OpenJDK Runtime Environment (17.0.9) (build 17.0.9+0--11185874)
# Java VM: OpenJDK 64-Bit Server VM (17.0.9+0--11185874, mixed mode, tiered, compressed oops, compressed class ptrs, g1 gc, windows-amd64)
GC Precious Log:
 CPUs: 20 total, 20 available
 Memory: 16125M
 Large Page Support: Disabled
 NUMA Support: Disabled
 Compressed Oops: Enabled (32-bit)
 Heap Region Size: 1M
 Heap Min Capacity: 8M
 Heap Initial Capacity: 252M
 Heap Max Capacity: 2G
 Pre-touch: Disabled
 Parallel Workers: 15
 Concurrent Workers: 4
 Concurrent Refinement Workers: 15
 Periodic GC: Disabled
Heap:
 garbage-first heap   total 216064K, used 110630K [0x0000000080000000, 0x0000000100000000)
  region size 1024K, 4 young (4096K), 4 survivors (4096K)
 Metaspace       used 92326K, committed 93056K, reserved 1179648K
  class space    used 12474K, committed 12800K, reserved 1048576K
GC Heap History (20 events):
Event: 4.730 GC heap after
{Heap after GC invocations=27 (full 0):
 garbage-first heap   total 133120K, used 65381K [0x0000000080000000, 0x0000000100000000)
  region size 1024K, 4 young (4096K), 4 survivors (4096K)
 Metaspace       used 64669K, committed 65344K, reserved 1114112K
  class space    used 8784K, committed 9088K, reserved 1048576K
}
Event: 5.138 GC heap before
{Heap before GC invocations=27 (full 0):
 garbage-first heap   total 133120K, used 106341K [0x0000000080000000, 0x0000000100000000)
  region size 1024K, 46 young (47104K), 4 survivors (4096K)
 Metaspace       used 67113K, committed 67776K, reserved 1114112K
  class space    used 9090K, committed 9408K, reserved 1048576K
}
Event: 5.140 GC heap after
{Heap after GC invocations=28 (full 0):
 garbage-first heap   total 133120K, used 69388K [0x0000000080000000, 0x0000000100000000)
  region size 1024K, 6 young (6144K), 6 survivors (6144K)
 Metaspace       used 67113K, committed 67776K, reserved 1114112K
  class space    used 9090K, committed 9408K, reserved 1048576K
}
Event: 5.578 GC heap before
{Heap before GC invocations=29 (full 0):
 garbage-first heap   total 133120K, used 120588K [0x0000000080000000, 0x0000000100000000)
  region size 1024K, 43 young (44032K), 6 survivors (6144K)
 Metaspace       used 69118K, committed 69824K, reserved 1114112K
  class space    used 9351K, committed 9664K, reserved 1048576K
}
Event: 5.582 GC heap after
{Heap after GC invocations=30 (full 0):
 garbage-first heap   total 137216K, used 91093K [0x0000000080000000, 0x0000000100000000)
  region size 1024K, 6 young (6144K), 6 survivors (6144K)
 Metaspace       used 69118K, committed 69824K, reserved 1114112K
  class space    used 9351K, committed 9664K, reserved 1048576K
}
Event: 5.603 GC heap before
{Heap before GC invocations=30 (full 0):
 garbage-first heap   total 137216K, used 91093K [0x0000000080000000, 0x0000000100000000)
  region size 1024K, 7 young (7168K), 6 survivors (6144K)
 Metaspace       used 69194K, committed 69824K, reserved 1114112K
  class space    used 9358K, committed 9664K, reserved 1048576K
}
Event: 5.606 GC heap after
{Heap after GC invocations=31 (full 0):
 garbage-first heap   total 137216K, used 91626K [0x0000000080000000, 0x0000000100000000)
  region size 1024K, 1 young (1024K), 1 survivors (1024K)
 Metaspace       used 69194K, committed 69824K, reserved 1114112K
  class space    used 9358K, committed 9664K, reserved 1048576K
}
Event: 5.821 GC heap before
{Heap before GC invocations=31 (full 0):
 garbage-first heap   total 137216K, used 115178K [0x0000000080000000, 0x0000000100000000)
  region size 1024K, 25 young (25600K), 1 survivors (1024K)
 Metaspace       used 71291K, committed 71872K, reserved 1114112K
  class space    used 9640K, committed 9920K, reserved 1048576K
}
Event: 5.823 GC heap after
{Heap after GC invocations=32 (full 0):
 garbage-first heap   total 208896K, used 92190K [0x0000000080000000, 0x0000000100000000)
  region size 1024K, 1 young (1024K), 1 survivors (1024K)
 Metaspace       used 71291K, committed 71872K, reserved 1114112K
  class space    used 9640K, committed 9920K, reserved 1048576K
}
Event: 6.307 GC heap before
{Heap before GC invocations=33 (full 0):
 garbage-first heap   total 208896K, used 160798K [0x0000000080000000, 0x0000000100000000)
  region size 1024K, 62 young (63488K), 1 survivors (1024K)
 Metaspace       used 76979K, committed 77696K, reserved 1179648K
  class space    used 10389K, committed 10752K, reserved 1048576K
}
Event: 6.309 GC heap after
{Heap after GC invocations=34 (full 0):
 garbage-first heap   total 208896K, used 96797K [0x0000000080000000, 0x0000000100000000)
  region size 1024K, 6 young (6144K), 6 survivors (6144K)
 Metaspace       used 76979K, committed 77696K, reserved 1179648K
  class space    used 10389K, committed 10752K, reserved 1048576K
}
Event: 6.325 GC heap before
{Heap before GC invocations=34 (full 0):
 garbage-first heap   total 208896K, used 99869K [0x0000000080000000, 0x0000000100000000)
  region size 1024K, 10 young (10240K), 6 survivors (6144K)
 Metaspace       used 77196K, committed 77952K, reserved 1179648K
  class space    used 10437K, committed 10816K, reserved 1048576K
}
Event: 6.327 GC heap after
{Heap after GC invocations=35 (full 0):
 garbage-first heap   total 208896K, used 97267K [0x0000000080000000, 0x0000000100000000)
  region size 1024K, 1 young (1024K), 1 survivors (1024K)
 Metaspace       used 77196K, committed 77952K, reserved 1179648K
  class space    used 10437K, committed 10816K, reserved 1048576K
}
Event: 6.834 GC heap before
{Heap before GC invocations=35 (full 0):
 garbage-first heap   total 208896K, used 162803K [0x0000000080000000, 0x0000000100000000)
  region size 1024K, 65 young (66560K), 1 survivors (1024K)
 Metaspace       used 82888K, committed 83584K, reserved 1179648K
  class space    used 11179K, committed 11520K, reserved 1048576K
}
Event: 6.836 GC heap after
{Heap after GC invocations=36 (full 0):
 garbage-first heap   total 208896K, used 99813K [0x0000000080000000, 0x0000000100000000)
  region size 1024K, 4 young (4096K), 4 survivors (4096K)
 Metaspace       used 82888K, committed 83584K, reserved 1179648K
  class space    used 11179K, committed 11520K, reserved 1048576K
}
Event: 7.310 GC heap before
{Heap before GC invocations=37 (full 0):
 garbage-first heap   total 208896K, used 169445K [0x0000000080000000, 0x0000000100000000)
  region size 1024K, 68 young (69632K), 4 survivors (4096K)
 Metaspace       used 88971K, committed 89728K, reserved 1179648K
  class space    used 12016K, committed 12352K, reserved 1048576K
}
Event: 7.313 GC heap after
{Heap after GC invocations=38 (full 0):
 garbage-first heap   total 208896K, used 107580K [0x0000000080000000, 0x0000000100000000)
  region size 1024K, 7 young (7168K), 7 survivors (7168K)
 Metaspace       used 88971K, committed 89728K, reserved 1179648K
  class space    used 12016K, committed 12352K, reserved 1048576K
}
Event: 7.334 GC heap before
{Heap before GC invocations=38 (full 0):
 garbage-first heap   total 208896K, used 110652K [0x0000000080000000, 0x0000000100000000)
  region size 1024K, 10 young (10240K), 7 survivors (7168K)
 Metaspace       used 89185K, committed 89920K, reserved 1179648K
  class space    used 12048K, committed 12352K, reserved 1048576K
}
Event: 7.336 GC heap after
{Heap after GC invocations=39 (full 0):
 garbage-first heap   total 208896K, used 107577K [0x0000000080000000, 0x0000000100000000)
  region size 1024K, 1 young (1024K), 1 survivors (1024K)
 Metaspace       used 89185K, committed 89920K, reserved 1179648K
  class space    used 12048K, committed 12352K, reserved 1048576K
}
Event: 7.770 GC heap before
{Heap before GC invocations=39 (full 0):
 garbage-first heap   total 208896K, used 167993K [0x0000000080000000, 0x0000000100000000)
  region size 1024K, 61 young (62464K), 1 survivors (1024K)
 Metaspace       used 92326K, committed 93056K, reserved 1179648K
  class space    used 12474K, committed 12800K, reserved 1048576K
}

