# JRE version: Java(TM) SE Runtime Environment (21.0.9+7) (build 21.0.9+7-LTS-338)
# Java VM: Java HotSpot(TM) 64-Bit Server VM (21.0.9+7-LTS-338, mixed mode, sharing, tiered, compressed oops, compressed class ptrs, g1 gc, windows-amd64)
GC Precious Log:
 CardTable entry size: 512
 Card Set container configuration: InlinePtr #cards 5 size 8 Array Of Cards #cards 12 size 40 Howl #buckets 4 coarsen threshold 1843 Howl Bitmap #cards 512 size 80 coarsen threshold 460 Card regions per heap region 1 cards per card region 2048
 CPUs: 12 total, 12 available
 Memory: 16085M
 Large Page Support: Disabled
 NUMA Support: Disabled
 Compressed Oops: Enabled (32-bit)
 Heap Region Size: 1M
 Heap Min Capacity: 8M
 Heap Initial Capacity: 252M
 Heap Max Capacity: 1G
 Pre-touch: Disabled
 Parallel Workers: 10
 Concurrent Workers: 3
 Concurrent Refinement Workers: 10
 Periodic GC: Disabled
Heap:
 garbage-first heap   total 211968K, used 155889K [0x00000000c0000000, 0x0000000100000000)
  region size 1024K, 36 young (36864K), 2 survivors (2048K)
 Metaspace       used 110650K, committed 112896K, reserved 1179648K
  class space    used 14458K, committed 15616K, reserved 1048576K
GC Heap History (20 events):
Event: 17.624 GC heap before
{Heap before GC invocations=20 (full 0):
 garbage-first heap   total 132096K, used 74880K [0x00000000c0000000, 0x0000000100000000)
  region size 1024K, 4 young (4096K), 3 survivors (3072K)
 Metaspace       used 69664K, committed 71360K, reserved 1114112K
  class space    used 9922K, committed 10752K, reserved 1048576K
}
Event: 17.627 GC heap after
{Heap after GC invocations=21 (full 0):
 garbage-first heap   total 132096K, used 74647K [0x00000000c0000000, 0x0000000100000000)
  region size 1024K, 3 young (3072K), 3 survivors (3072K)
 Metaspace       used 69664K, committed 71360K, reserved 1114112K
  class space    used 9922K, committed 10752K, reserved 1048576K
}
Event: 18.126 GC heap before
{Heap before GC invocations=22 (full 0):
 garbage-first heap   total 145408K, used 129943K [0x00000000c0000000, 0x0000000100000000)
  region size 1024K, 41 young (41984K), 3 survivors (3072K)
 Metaspace       used 72179K, committed 73920K, reserved 1114112K
  class space    used 10176K, committed 11008K, reserved 1048576K
}
Event: 18.130 GC heap after
{Heap after GC invocations=23 (full 0):
 garbage-first heap   total 145408K, used 96975K [0x00000000c0000000, 0x0000000100000000)
  region size 1024K, 6 young (6144K), 6 survivors (6144K)
 Metaspace       used 72179K, committed 73920K, reserved 1114112K
  class space    used 10176K, committed 11008K, reserved 1048576K
}
Event: 18.474 GC heap before
{Heap before GC invocations=23 (full 0):
 garbage-first heap   total 145408K, used 129743K [0x00000000c0000000, 0x0000000100000000)
  region size 1024K, 38 young (38912K), 6 survivors (6144K)
 Metaspace       used 76185K, committed 78144K, reserved 1179648K
  class space    used 10548K, committed 11520K, reserved 1048576K
}
Event: 18.480 GC heap after
{Heap after GC invocations=24 (full 0):
 garbage-first heap   total 145408K, used 99235K [0x00000000c0000000, 0x0000000100000000)
  region size 1024K, 3 young (3072K), 3 survivors (3072K)
 Metaspace       used 76185K, committed 78144K, reserved 1179648K
  class space    used 10548K, committed 11520K, reserved 1048576K
}
Event: 18.872 GC heap before
{Heap before GC invocations=24 (full 0):
 garbage-first heap   total 145408K, used 130979K [0x00000000c0000000, 0x0000000100000000)
  region size 1024K, 34 young (34816K), 3 survivors (3072K)
 Metaspace       used 80006K, committed 82112K, reserved 1179648K
  class space    used 11049K, committed 12096K, reserved 1048576K
}
Event: 18.876 GC heap after
{Heap after GC invocations=25 (full 0):
 garbage-first heap   total 145408K, used 100858K [0x00000000c0000000, 0x0000000100000000)
  region size 1024K, 2 young (2048K), 2 survivors (2048K)
 Metaspace       used 80006K, committed 82112K, reserved 1179648K
  class space    used 11049K, committed 12096K, reserved 1048576K
}
Event: 19.319 GC heap before
{Heap before GC invocations=26 (full 0):
 garbage-first heap   total 176128K, used 132602K [0x00000000c0000000, 0x0000000100000000)
  region size 1024K, 33 young (33792K), 2 survivors (2048K)
 Metaspace       used 83888K, committed 85952K, reserved 1179648K
  class space    used 11495K, committed 12544K, reserved 1048576K
}
Event: 19.325 GC heap after
{Heap after GC invocations=27 (full 0):
 garbage-first heap   total 176128K, used 102522K [0x00000000c0000000, 0x0000000100000000)
  region size 1024K, 4 young (4096K), 4 survivors (4096K)
 Metaspace       used 83888K, committed 85952K, reserved 1179648K
  class space    used 11495K, committed 12544K, reserved 1048576K
}
Event: 19.765 GC heap before
{Heap before GC invocations=27 (full 0):
 garbage-first heap   total 176128K, used 159866K [0x00000000c0000000, 0x0000000100000000)
  region size 1024K, 59 young (60416K), 4 survivors (4096K)
 Metaspace       used 86715K, committed 88768K, reserved 1179648K
  class space    used 11839K, committed 12864K, reserved 1048576K
}
Event: 19.771 GC heap after
{Heap after GC invocations=28 (full 0):
 garbage-first heap   total 176128K, used 105312K [0x00000000c0000000, 0x0000000100000000)
  region size 1024K, 7 young (7168K), 7 survivors (7168K)
 Metaspace       used 86715K, committed 88768K, reserved 1179648K
  class space    used 11839K, committed 12864K, reserved 1048576K
}
Event: 20.452 GC heap before
{Heap before GC invocations=28 (full 0):
 garbage-first heap   total 176128K, used 158560K [0x00000000c0000000, 0x0000000100000000)
  region size 1024K, 59 young (60416K), 7 survivors (7168K)
 Metaspace       used 91837K, committed 93888K, reserved 1179648K
  class space    used 12370K, committed 13376K, reserved 1048576K
}
Event: 20.458 GC heap after
{Heap after GC invocations=29 (full 0):
 garbage-first heap   total 176128K, used 109567K [0x00000000c0000000, 0x0000000100000000)
  region size 1024K, 8 young (8192K), 8 survivors (8192K)
 Metaspace       used 91837K, committed 93888K, reserved 1179648K
  class space    used 12370K, committed 13376K, reserved 1048576K
}
Event: 21.152 GC heap before
{Heap before GC invocations=30 (full 0):
 garbage-first heap   total 189440K, used 156671K [0x00000000c0000000, 0x0000000100000000)
  region size 1024K, 54 young (55296K), 8 survivors (8192K)
 Metaspace       used 98108K, committed 100160K, reserved 1179648K
  class space    used 13066K, committed 14080K, reserved 1048576K
}
Event: 21.158 GC heap after
{Heap after GC invocations=31 (full 0):
 garbage-first heap   total 189440K, used 111495K [0x00000000c0000000, 0x0000000100000000)
  region size 1024K, 3 young (3072K), 3 survivors (3072K)
 Metaspace       used 98108K, committed 100160K, reserved 1179648K
  class space    used 13066K, committed 14080K, reserved 1048576K
}
Event: 22.122 GC heap before
{Heap before GC invocations=31 (full 0):
 garbage-first heap   total 189440K, used 177031K [0x00000000c0000000, 0x0000000100000000)
  region size 1024K, 64 young (65536K), 3 survivors (3072K)
 Metaspace       used 106506K, committed 108736K, reserved 1179648K
  class space    used 13959K, committed 15104K, reserved 1048576K
}
Event: 22.126 GC heap after
{Heap after GC invocations=32 (full 0):
 garbage-first heap   total 189440K, used 119889K [0x00000000c0000000, 0x0000000100000000)
  region size 1024K, 8 young (8192K), 8 survivors (8192K)
 Metaspace       used 106506K, committed 108736K, reserved 1179648K
  class space    used 13959K, committed 15104K, reserved 1048576K
}
Event: 22.304 GC heap before
{Heap before GC invocations=32 (full 0):
 garbage-first heap   total 189440K, used 134225K [0x00000000c0000000, 0x0000000100000000)
  region size 1024K, 23 young (23552K), 8 survivors (8192K)
 Metaspace       used 107610K, committed 109824K, reserved 1179648K
  class space    used 14112K, committed 15232K, reserved 1048576K
}
Event: 22.308 GC heap after
{Heap after GC invocations=33 (full 0):
 garbage-first heap   total 189440K, used 121073K [0x00000000c0000000, 0x0000000100000000)
  region size 1024K, 2 young (2048K), 2 survivors (2048K)
 Metaspace       used 107610K, committed 109824K, reserved 1179648K
  class space    used 14112K, committed 15232K, reserved 1048576K
}

